\BOOKMARK [0][-]{part.1}{\376\377\173\054\116\000\220\350\122\006\000\040\116\300\116\110\146\057\147\201\226\120\000?}{}% 1
\BOOKMARK [1][-]{section.1}{\376\377\145\160\122\027\166\204\147\201\226\120}{part.1}% 2
\BOOKMARK [1][-]{section.2}{\376\377\121\375\145\160\166\204\147\201\226\120}{part.1}% 3
\BOOKMARK [0][-]{part.2}{\376\377\173\054\116\214\220\350\122\006\000\040\147\201\226\120\217\320\173\227\154\325\122\031}{}% 4
\BOOKMARK [0][-]{part.3}{\376\377\173\054\116\011\220\350\122\006\000\040\147\201\226\120\166\204\211\304\137\213\000,\000\040\124\214\154\102\154\325\000\050\145\271\154\325\213\272\000\051}{}% 5
\BOOKMARK [1][-]{section.3}{\376\377\202\345\000\040\000\040\000f\000\050\000x\000\051\000\040\000>\000g\000\050\000x\000\051\000\040\000,\000\040\122\031\000\040\000\040\000l\000i\000m\000f\000\050\000x\000\051\000\040\000l\000i\000m\000g\000\050\000x\000\051\000\040\041\220\000\040\154\350\141\017\000:\000\040\146\057\131\047\116\216\173\111\116\216\000\040\000\040\000!}{part.3}% 6
\BOOKMARK [1][-]{section.4}{\376\377\122\006\133\120\116\012\000`\000`\230\171\166\204\147\000\232\330\153\041\145\160\000"\000\040\000>\122\006\153\315\116\012\000`\000`\230\171\166\204\147\000\232\330\153\041\145\160\000"\000,\000\040\122\031\000\040\213\345\122\006\137\017\166\204\147\201\226\120\000=\000\040\042\036\000.\000\040\123\315\116\113\000,\000\040\122\031\147\201\226\120\000=\0000}{part.3}% 7
\BOOKMARK [2][-]{subsection.4.1}{\376\377\133\371\116\216\000\040\000\040\000a\000\040\000x\000m\000b\000\040\000x\000n\000\040\000,\000\040\202\345\000\040\000m\000\040\000>\000n\000,\000\040\123\163\000:\000\040\122\006\133\120\166\204\120\074\000\040\000>\122\006\153\315\166\204\120\074\000.\000\040\122\031\121\375\145\160\147\201\226\120\120\074\000\040\000=\000\040\042\036}{section.4}% 8
\BOOKMARK [2][-]{subsection.4.2}{\376\377\133\371\116\216\000\040\000\040\000a\000\040\000x\000m\000b\000\040\000x\000n\000\040\000,\000\040\202\345\000\040\000m\000=\000n\000,\000\040\122\031\121\375\145\160\147\201\226\120\120\074\000\040\000=\000\040\000\040\000a\000b}{section.4}% 9
\BOOKMARK [2][-]{subsection.4.3}{\376\377\133\371\116\216\000\040\000\040\000a\000\040\000x\000m\000b\000\040\000x\000n\000\040\000,\000\040\202\345\000\040\000n\000\040\000>\000m\000,\000\040\123\163\000:\000\040\122\006\133\120\166\204\120\074\000\040\000<\122\006\153\315\166\204\120\074\000.\000\040\122\031\121\375\145\160\147\201\226\120\120\074\000=\0000}{section.4}% 10
\BOOKMARK [1][-]{section.5}{\376\377\000\040\221\315\211\201\147\201\226\120\000:\000\040\000l\000i\000m\000x\000\040\0000\000\040\000s\000i\000n\000x\000x\000\040\000=\000\040\0001\000\040}{part.3}% 11
\BOOKMARK [1][-]{section.6}{\376\377\221\315\211\201\147\201\226\120\000:\000\040\000\040\000l\000i\000m\000x\000\040\000\040\000\050\0001\000+\000\040\0001\000x\000\051\000x\000\040\000=\000\040\000e\000\040}{part.3}% 12
\BOOKMARK [1][-]{section.7}{\376\377\221\315\211\201\147\201\226\120\000:\000\040\000\040\000l\000i\000m\000x\000\040\0000\000\040\000\050\0001\000+\000x\000\051\0001\000x\000\040\000=\000e\000\040}{part.3}% 13
\BOOKMARK [1][-]{section.8}{\376\377\154\102\147\201\226\120\145\366\000,\000\040\220\107\122\060\000\040\000\040\0000\0000\000\040\142\026\000\040\000\040\217\331\171\315\145\366\000,\000\040\123\357\117\177\165\050\000`\000`\155\033\137\305\217\276\154\325\122\031\000"\000\040\000:\000\040\000\040\000l\000i\000m\000x\000\040\041\222\000\040\000a\000f\000\050\000x\000\051\000F\000\050\000x\000\051\000=\000l\000i\000m\000x\000a\000f\000'\000\050\000x\000\051\000F\000'\000\050\000x\000\051}{part.3}% 14
\BOOKMARK [2][-]{subsection.8.1}{\376\377\142\200\135\347\0001\000:\000\040\127\050\116\130\171\357\116\055\000,\000\040\123\357\116\345\165\050\000\040\000`\000`\173\111\116\367\145\340\172\167\134\017\146\377\143\142\000"}{section.8}% 15
\BOOKMARK [2][-]{subsection.8.2}{\376\377\142\200\135\347\0002\000:\000\040\215\213\217\321\116\216\000`\000`\136\070\145\160\000"\166\204\220\243\116\233\230\171\000,\000\040\134\061\124\021\131\026\143\052\121\372\123\273\000,\000\040\200\014\116\015\211\201\116\000\136\166\217\333\121\145\154\102\133\374\163\257\202\202}{section.8}% 16
\BOOKMARK [0][-]{part.4}{\376\377\173\054\126\333\220\350\122\006\000\040\145\340\172\167\131\047\000\040\000\046\000\040\145\340\172\167\134\017}{}% 17
\BOOKMARK [1][-]{section.9}{\376\377\145\340\172\167\131\047}{part.4}% 18
\BOOKMARK [2][-]{subsection.9.1}{\376\377\000\040\000+\000\040\000=\000\040\000?\000\040\000\040\176\323\147\234\147\052\167\345\000\040}{section.9}% 19
\BOOKMARK [2][-]{subsection.9.2}{\376\377\000\040\000-\000\040\000=\000\040\000?\000\040\000\040\176\323\147\234\147\052\167\345\000\040}{section.9}% 20
\BOOKMARK [2][-]{subsection.9.3}{\376\377\000\040\000=\000\040\000\040}{section.9}% 21
\BOOKMARK [2][-]{subsection.9.4}{\376\377\000\040\000/\000\040\000=\000\040\000?\000\040\000\040\176\323\147\234\147\052\167\345\000\040}{section.9}% 22
\BOOKMARK [1][-]{section.10}{\376\377\145\340\172\167\134\017}{part.4}% 23
\BOOKMARK [2][-]{subsection.10.1}{\376\377\147\011\226\120\116\052\000`\000`\145\340\172\167\134\017\000"\166\204\124\214\000,\000\040\146\057\145\340\172\167\134\017\000.\000\040}{section.10}% 24
\BOOKMARK [2][-]{subsection.10.2}{\376\377\147\011\226\120\116\052\000`\000`\145\340\172\167\134\017\000"\166\204\116\130\171\357\000,\000\040\117\235\161\066\146\057\145\340\172\167\134\017\000.\000\040}{section.10}% 25
\BOOKMARK [2][-]{subsection.10.3}{\376\377\136\070\145\160\000C\000\040\000\327\000\040\145\340\172\167\134\017\000\040\000=\000\040\145\340\172\167\134\017\000\040}{section.10}% 26
\BOOKMARK [2][-]{subsection.10.4}{\376\377\147\011\165\114\121\375\145\160\000\040\000\327\000\040\145\340\172\167\134\017\000\040\000=\000\040\145\340\172\167\134\017\000\040}{section.10}% 27
\BOOKMARK [2][-]{subsection.10.5}{\376\377\145\340\172\167\134\017\000\040\000\327\000\040\145\340\172\167\131\047\000\040\000=\000\040\000?\000\040\176\323\147\234\147\052\167\345}{section.10}% 28
\BOOKMARK [1][-]{section.11}{\376\377\145\340\172\167\134\017\166\204\153\324\217\203\000\040\000:\000\040\000\040\145\340\172\167\134\017\145\340\172\167\134\017\000\040}{part.4}% 29
\BOOKMARK [2][-]{subsection.11.1}{\376\377\000\040\232\330\226\066\145\340\172\167\134\017\000\040\000\046\000\040\117\116\226\066\145\340\172\167\134\017}{section.11}% 30
\BOOKMARK [2][-]{subsection.11.2}{\376\377\124\014\226\066\145\340\172\167\134\017\000\040\000:\000\040\000l\000i\000m\000\040\000b\000a\000=\000\040\136\070\145\160\000C\000,\000\040\000\040\000C\000\040\000=\0000}{section.11}% 31
\BOOKMARK [2][-]{subsection.11.3}{\376\377\173\111\116\367\145\340\172\167\134\017\000\040\000\040\000l\000i\000m\000\040\000b\000a\000=\0001}{section.11}% 32
\BOOKMARK [2][-]{subsection.11.4}{\376\377\000\040\127\050\000\040\000x\000\040\0000\000\040\145\366\000,\000\040\000\040\000\050\0001\000+\000x\000\051\0001\000n\000\040\000-\000\040\0001\000\040\000\040\173\111\116\367\116\216\000\040\000\040\0001\000n\000\040\000x\000\040\000\040}{section.11}% 33
\BOOKMARK [2][-]{subsection.11.5}{\376\377\000k\226\066\145\340\172\167\134\017\000\040}{section.11}% 34
