\BOOKMARK [0][-]{part.1}{\376\377\173\054\116\000\220\350\122\006\000\040\123\315\121\375\145\160}{}% 1
\BOOKMARK [0][-]{part.2}{\376\377\173\054\116\214\220\350\122\006\000\040\122\035\173\111\121\375\145\160}{}% 2
\BOOKMARK [1][-]{section.1}{\376\377\000p\000o\000w\000e\000r\000\040\000f\000u\000n\000c\000t\000i\000o\000n\000\040\136\102\121\375\145\160\000:\000\040\000\040\000y\000\040\000=\000\040\000x\000e\000x\000p\000\040}{part.2}% 3
\BOOKMARK [1][-]{section.2}{\376\377\000e\000x\000p\000o\000n\000e\000n\000t\000i\000a\000l\000\040\000f\000u\000n\000c\000t\000i\000o\000n\000\040\143\007\145\160\121\375\145\160\000:\000\040\000\040\000y\000=\000b\000a\000s\000e\000x\000\040}{part.2}% 4
\BOOKMARK [2][-]{subsection.2.1}{\376\377\116\072\116\300\116\110\000\040\000b\000a\000s\000e\0000\000=\0001\000\040\000?}{section.2}% 5
\BOOKMARK [2][-]{subsection.2.2}{\376\377\221\315\211\201\121\154\137\017\000\040\000\040\000a\000n\000=\000e\000n\000l\000n\000a}{section.2}% 6
\BOOKMARK [1][-]{section.3}{\376\377\000L\000o\000g\000a\000r\000i\000t\000h\000m\000i\000c\000\040\000f\000u\000n\000c\000t\000i\000o\000n\000\040\133\371\145\160\121\375\145\160\000:\000\040\000\040\000l\000o\000g\136\225\136\102\000=\143\007\000\040}{part.2}% 7
\BOOKMARK [2][-]{subsection.3.1}{\376\377\136\225\000l\000o\000g\136\225\136\102\000=\136\102}{section.3}% 8
\BOOKMARK [2][-]{subsection.3.2}{\376\377\000l\000o\000g\136\225\136\225\143\007\000=\143\007}{section.3}% 9
\BOOKMARK [2][-]{subsection.3.3}{\376\377\000l\000o\000g\136\225\000\050\000\040\136\102\0001\136\102\0002\000\040\000\051\000\040\000=\000l\000o\000g\136\225\136\102\0001\000-\000l\000o\000g\136\225\136\102\0002}{section.3}% 10
\BOOKMARK [2][-]{subsection.3.4}{\376\377\000l\000o\000g\136\225\136\102\0001\000+\000l\000o\000g\136\225\136\102\0002\000=\000l\000o\000g\136\225\000\050\000\040\136\102\0001\136\102\0002\000\040\000\051\000\040}{section.3}% 11
\BOOKMARK [2][-]{subsection.3.5}{\376\377\000l\000o\000g\123\237\136\225\136\102\000=\000l\000o\000g\116\373\141\017\136\225\136\102\000l\000o\000g\116\373\141\017\136\225\123\237\136\225\000\040\041\220\000\040\217\331\116\052\134\061\146\057\000\040\000`\000`\143\142\136\225\121\154\137\017\000"}{section.3}% 12
\BOOKMARK [2][-]{subsection.3.6}{\376\377\000l\000o\000g\000a\000n\000b\000m\000=\000m\000n\000l\000o\000g\000a\000b\000\040}{section.3}% 13
\BOOKMARK [1][-]{section.4}{\376\377\000t\000r\000i\000g\000o\000n\000o\000m\000e\000t\000r\000i\000c\000\040\000f\000u\000n\000c\000t\000i\000o\000n\000\040\116\011\211\322\121\375\145\160\000:\000\040\000\040\000y\000=\000b\000a\000s\000e\000x\000\040}{part.2}% 14
\BOOKMARK [2][-]{subsection.4.1}{\376\377\000s\000i\000n\000\040\000\046\000\040\000a\000r\000c\000S\000i\000n}{section.4}% 15
\BOOKMARK [2][-]{subsection.4.2}{\376\377\000c\000o\000s\000\040\000\046\000\040\000a\000r\000c\000C\000o\000s}{section.4}% 16
\BOOKMARK [2][-]{subsection.4.3}{\376\377\000t\000a\000n\000\040\000\046\000\040\000a\000r\000c\000T\000a\000n}{section.4}% 17
\BOOKMARK [2][-]{subsection.4.4}{\376\377\000c\000o\000t\000\040\000\046\000\040\000a\000r\000c\000C\000o\000t}{section.4}% 18
\BOOKMARK [2][-]{subsection.4.5}{\376\377\000s\000e\000c\000\040\000\046\000\040\000a\000r\000c\000S\000e\000c}{section.4}% 19
\BOOKMARK [2][-]{subsection.4.6}{\376\377\000c\000s\000c\000\040\000\046\000\040\000a\000r\000c\000C\000s\000c}{section.4}% 20
