\BOOKMARK [0][-]{part.1}{\376\377\173\054\116\000\220\350\122\006\000\040\116\300\116\110\146\057\133\374\145\160\000?}{}% 1
\BOOKMARK [0][-]{part.2}{\376\377\173\054\116\214\220\350\122\006\000\040\133\374\145\160\121\154\137\017}{}% 2
\BOOKMARK [1][-]{section.1}{\376\377\136\070\165\050\166\204\133\374\145\160}{part.2}% 3
\BOOKMARK [2][-]{subsection.1.1}{\376\377\000\050\136\070\145\160\000C\000\051\000'\000\040\000=\0000}{section.1}% 4
\BOOKMARK [2][-]{subsection.1.2}{\376\377\000\050\000x\000n\000\051\000'\000=\000\040\000n\000\040\000x\000n\000-\0001}{section.1}% 5
\BOOKMARK [2][-]{subsection.1.3}{\376\377\000\050\000\040\000a\000x\000\040\000\051\000\040\000'\000=\000a\000x\000l\000n\000a}{section.1}% 6
\BOOKMARK [2][-]{subsection.1.4}{\376\377\000\050\000e\000x\000\051\000'\000\040\000=\000\040\000e\000x\000\040\000l\000n\000e\000\040\000=\000\040\000e\000x}{section.1}% 7
\BOOKMARK [2][-]{subsection.1.5}{\376\377\000\050\000l\000o\000g\000a\000\040\000x\000\051\000'\000\040\000=\000\040\0001\000x\000\040\000l\000n\000a}{section.1}% 8
\BOOKMARK [2][-]{subsection.1.6}{\376\377\000\050\000l\000n\000x\000\051\000'\000\040\000=\000\040\0001\000x}{section.1}% 9
\BOOKMARK [1][-]{section.2}{\376\377\123\315\121\375\145\160\166\204\133\374\145\160\000\040\000:\000\040\000[\000f\000-\0001\000\050\000y\000\051\000]\000'\000\040\000=\000\040\0001\123\237\121\375\145\160\166\204\133\374\145\160\000\040\000f\000'\000\050\000x\000\051}{part.2}% 10
\BOOKMARK [1][-]{section.3}{\376\377\116\011\211\322\121\375\145\160\166\204\133\374\145\160}{part.2}% 11
\BOOKMARK [2][-]{subsection.3.1}{\376\377\000\050\000s\000i\000n\000x\000\051\000'\000\040\000=\000\040\000c\000o\000s\000x}{section.3}% 12
\BOOKMARK [2][-]{subsection.3.2}{\376\377\000\050\000c\000o\000s\000x\000\051\000'\000\040\000=\000\040\000-\000s\000i\000n\000x}{section.3}% 13
\BOOKMARK [2][-]{subsection.3.3}{\376\377\000\050\000t\000a\000n\000x\000\051\000'\000\040\000=\000\040\000s\000e\000c\0002\000\040\000x}{section.3}% 14
\BOOKMARK [2][-]{subsection.3.4}{\376\377\000\050\000c\000o\000t\000x\000\051\000'\000\040\000=\000\040\000-\000c\000s\000c\0002\000\040\000x}{section.3}% 15
\BOOKMARK [2][-]{subsection.3.5}{\376\377\000\050\000s\000e\000c\000x\000\051\000'\000\040\000=\000\040\000s\000e\000c\000x\000\040\000t\000a\000n\000x}{section.3}% 16
\BOOKMARK [2][-]{subsection.3.6}{\376\377\000\040\000\050\000c\000s\000c\000x\000\051\000'\000\040\000=\000\040\000-\000\040\000c\000s\000c\000x\000\040\000c\000o\000t\000x}{section.3}% 17
\BOOKMARK [1][-]{section.4}{\376\377\123\315\116\011\211\322\121\375\145\160\166\204\133\374\145\160}{part.2}% 18
\BOOKMARK [2][-]{subsection.4.1}{\376\377\000\050\000a\000r\000c\000s\000i\000n\000x\000\051\000'\000\040\000=\000\040\0001\0001\000-\000x\0002}{section.4}% 19
\BOOKMARK [2][-]{subsection.4.2}{\376\377\000\050\000a\000r\000c\000c\000o\000s\000x\000\051\000'\000\040\000=\000\040\000-\000\040\0001\0001\000-\000x\0002}{section.4}% 20
\BOOKMARK [2][-]{subsection.4.3}{\376\377\000\050\000a\000r\000c\000t\000a\000n\000x\000\051\000'\000\040\000=\000\040\0001\0001\000\040\000+\000\040\000x\0002}{section.4}% 21
\BOOKMARK [2][-]{subsection.4.4}{\376\377\000\050\000a\000r\000c\000c\000o\000t\000\040\000x\000\051\000'\000\040\000=\000\040\000-\000\040\0001\0001\000\040\000+\000\040\000x\0002}{section.4}% 22
\BOOKMARK [0][-]{part.3}{\376\377\173\054\116\011\220\350\122\006\000\040\154\102\133\374\166\204\124\004\171\315\145\271\154\325\000,\000\040\145\271\154\325\213\272}{}% 23
\BOOKMARK [1][-]{section.5}{\376\377\154\102\133\374\154\325\122\031\000\040\000:\000\040\124\214\135\356\171\357\125\106}{part.3}% 24
\BOOKMARK [2][-]{subsection.5.1}{\376\377\000\050\000a\000+\000b\000\051\000'\000\040\000=\000\040\000a\000'\000+\000b\000'}{section.5}% 25
\BOOKMARK [2][-]{subsection.5.2}{\376\377\000\050\000a\000+\000b\000\051\000'\000\040\000=\000\040\000a\000'\000+\000b\000'}{section.5}% 26
\BOOKMARK [2][-]{subsection.5.3}{\376\377\000\050\000a\000+\000b\000+\000c\000\051\000'\000\040\000=\000\040\000a\000'\000+\000b\000'\000+\000c\000'}{section.5}% 27
\BOOKMARK [2][-]{subsection.5.4}{\376\377\000\050\000a\000-\000b\000\051\000'\000\040\000=\000\040\000a\000'\000\040\000-\000\040\000b\000'}{section.5}% 28
\BOOKMARK [2][-]{subsection.5.5}{\376\377\000\050\000a\000b\000\051\000'\000\040\000=\000\040\000a\000'\000b\000\040\000+\000\040\000a\000b\000'}{section.5}% 29
\BOOKMARK [2][-]{subsection.5.6}{\376\377\000\050\000a\000b\000c\000\051\000'\000\040\000=\000\040\000a\000'\000b\000c\000\040\000+\000\040\000a\000b\000'\000c\000\040\000+\000\040\000a\000b\000c\000'}{section.5}% 30
\BOOKMARK [2][-]{subsection.5.7}{\376\377\000\050\136\070\145\160\000C\000\040\000a\000\051\000'\000\040\000=\000\040\000C\000\040\000a\000'}{section.5}% 31
\BOOKMARK [2][-]{subsection.5.8}{\376\377\000\050\000a\000b\000\051\000'\000\040\000=\000\040\000a\000'\000b\000\040\000-\000\040\000a\000b\000'\000b\0002}{section.5}% 32
\BOOKMARK [1][-]{section.6}{\376\377\133\371\000`\000`\131\015\124\010\121\375\145\160\000"\154\102\133\374\166\204\145\271\154\325\000:\000\040\224\376\137\017\154\325\122\031\000\040\000/\000\040\122\145\155\013\204\161\154\325}{part.3}% 33
\BOOKMARK [1][-]{section.7}{\376\377\133\371\000`\000`\123\302\145\160\145\271\172\013\000"\154\102\133\374\166\204\145\271\154\325}{part.3}% 34
\BOOKMARK [1][-]{section.8}{\376\377\133\371\000`\000`\226\220\121\375\145\160\000"\154\102\133\374\166\204\145\271\154\325}{part.3}% 35
