\BOOKMARK [1][-]{section.1}{\376\377\116\214\226\066\116\016\116\011\226\066\210\114\122\027\137\017}{}% 1
\BOOKMARK [2][-]{subsection.1.1}{\376\377\116\214\226\066\210\114\122\027\137\017}{section.1}% 2
\BOOKMARK [2][-]{subsection.1.2}{\376\377\116\011\226\066\210\114\122\027\137\017}{section.1}% 3
\BOOKMARK [1][-]{section.2}{\376\377\210\114\122\027\137\017\166\204\121\340\117\125\141\017\116\111}{}% 4
\BOOKMARK [2][-]{subsection.2.1}{\376\377\210\114\122\027\137\017\166\204\120\074\000,\000\040\210\150\171\072\166\204\146\057\000`\000`\145\260\127\372\000"\166\204\227\142\171\357\000\040\000\050\000\040\000\040\000\327\000\040\000\051\000,\000\040\153\324\123\237\127\372\166\204\227\142\171\357\000\050\000\040\000i\000\040\000\327\000\040\000j\000\051\000\040\131\047\131\032\134\021\120\015}{section.2}% 5
\BOOKMARK [2][-]{subsection.2.2}{\376\377\127\050\116\011\176\364\172\172\225\364\116\055\000,\000\040\210\114\122\027\137\017\166\204\120\074\000,\000\040\210\150\171\072\166\204\134\061\146\057\000:\000\040\117\123\171\357\166\204\177\051\145\076\120\015\145\160\000.}{section.2}% 6
\BOOKMARK [1][-]{section.3}{\376\377\121\150\143\222\122\027\124\214\133\371\143\142}{}% 7
\BOOKMARK [1][-]{section.4}{\376\377\000n\000\040\226\066\210\114\122\027\137\017}{}% 8
\BOOKMARK [2][-]{subsection.4.1}{\376\377\116\011\226\066\210\114\122\027\137\017}{section.4}% 9
\BOOKMARK [2][-]{subsection.4.2}{\376\377\000n\000\040\226\066\210\114\122\027\137\017\000\040\040\023\000\040\143\011\210\114\134\125\137\000}{section.4}% 10
\BOOKMARK [3][-]{subsubsection.4.2.1}{\376\377\116\013\116\011\211\322\210\114\122\027\137\017\000\040\000=\116\073\133\371\211\322\176\277\116\012\121\103\175\040\166\204\116\130\171\357}{subsection.4.2}% 11
\BOOKMARK [3][-]{subsubsection.4.2.2}{\376\377\116\012\116\011\211\322\210\114\122\027\137\017\000\040\000=\116\073\133\371\211\322\176\277\116\012\121\103\175\040\166\204\116\130\171\357}{subsection.4.2}% 12
\BOOKMARK [3][-]{subsubsection.4.2.3}{\376\377\133\371\211\322\137\142\210\114\122\027\137\017\000\040\000=\116\073\133\371\211\322\176\277\116\012\121\103\175\040\166\204\116\130\171\357}{subsection.4.2}% 13
\BOOKMARK [3][-]{subsubsection.4.2.4}{\376\377\117\052\116\013\116\011\211\322\210\114\122\027\137\017\000\040\000\040\000=\000\050\000\040\000-\0001\000\040\000\051\000\040\000n\000\050\000\040\000n\000-\0001\000\040\000\051\0002\000a\0001\000,\000n\000a\0002\000,\000n\000-\0001\000a\000n\000,\0001\000\040}{subsection.4.2}% 14
\BOOKMARK [3][-]{subsubsection.4.2.5}{\376\377\117\052\116\012\116\011\211\322\210\114\122\027\137\017\000\040\000\040\000=\000\050\000\040\000-\0001\000\040\000\051\000\040\000n\000\050\000\040\000n\000-\0001\000\040\000\051\0002\000a\0001\000,\000n\000a\0002\000,\000n\000-\0001\000a\000n\000,\0001\000\040}{subsection.4.2}% 15
\BOOKMARK [2][-]{subsection.4.3}{\376\377\000n\000\040\226\066\210\114\122\027\137\017\000\040\040\023\000\040\143\011\122\027\134\125\137\000}{section.4}% 16
\BOOKMARK [1][-]{section.5}{\376\377\210\114\122\027\137\017\166\204\140\047\215\050}{}% 17
\BOOKMARK [2][-]{subsection.5.1}{\376\377\140\047\215\050\000:\000\040\000\050\000\040\000D\000T\000\040\000\051\000\040\000T\000=\000D\000\040}{section.5}% 18
\BOOKMARK [2][-]{subsection.5.2}{\376\377\140\047\215\050\000:\000\040\000D\000T\000=\000D\000\040}{section.5}% 19
\BOOKMARK [2][-]{subsection.5.3}{\376\377\140\047\215\050\000:\000\040\210\114\122\027\137\017\116\055\116\044\210\114\000\050\116\044\122\027\116\137\210\114\000\051\116\222\143\142\000,\000\040\210\114\122\027\137\017\166\204\120\074\000,\000\040\134\061\145\071\123\330\153\143\215\037\123\367\000\040}{section.5}% 20
\BOOKMARK [2][-]{subsection.5.4}{\376\377\140\047\215\050\000:\000\040\210\114\122\027\137\017\000,\000\040\202\345\116\044\210\114\000\050\142\026\116\044\122\027\000\051\166\204\121\103\175\040\166\370\173\111\000,\000\040\122\031\213\345\210\114\122\027\137\017\166\204\120\074\000=\0000}{section.5}% 21
\BOOKMARK [2][-]{subsection.5.5}{\376\377\140\047\215\050\000:\000\040\147\320\116\000\210\114\220\375\116\130\116\345\000k\000,\000\040\173\111\116\216\165\050\000k\116\130\116\345\217\331\116\052\210\114\122\027\137\017\000D\000\040}{section.5}% 22
\BOOKMARK [2][-]{subsection.5.6}{\376\377\140\047\215\050\000:\000\040\210\114\122\027\137\017\166\204\116\044\210\114\000\050\142\026\116\044\122\027\000\051\121\103\175\040\000,\000\040\133\371\136\224\142\020\153\324\117\213\000,\000\040\122\031\213\345\210\114\122\027\137\017\166\204\120\074\000=\0000}{section.5}% 23
\BOOKMARK [2][-]{subsection.5.7}{\376\377\140\047\215\050\000:\000\040\147\320\116\000\210\114\121\150\116\072\0000\000,\000\040\122\031\000D\000=\0000\000\040}{section.5}% 24
\BOOKMARK [2][-]{subsection.5.8}{\376\377\140\047\215\050\000:\000\040\147\320\116\000\210\114\116\012\166\204\121\103\175\040\000,\000\040\146\057\116\044\116\052\121\103\175\040\166\204\124\214\166\204\213\335\000,\000\040\122\031\213\345\210\114\122\027\137\017\134\061\123\357\116\345\142\306\142\020\217\331\116\044\116\052\210\114\122\027\137\017\166\370\122\240}{section.5}% 25
\BOOKMARK [2][-]{subsection.5.9}{\376\377\000\040\046\005\000\040\140\047\215\050\000:\000\040\147\320\116\000\210\114\116\130\116\345\116\000\116\052\145\160\000,\000\040\122\240\122\060\123\346\116\000\210\114\116\012\123\273\000,\000\040\210\114\122\027\137\017\000D\166\204\120\074\116\015\123\330}{section.5}% 26
\BOOKMARK [1][-]{section.6}{\376\377\210\114\122\027\137\017\120\074\166\204\213\241\173\227\000\040}{}% 27
\BOOKMARK [2][-]{subsection.6.1}{\376\377\145\271\154\325\146\057\000:\000\040\142\212\210\114\122\027\137\017\000,\000\040\121\110\123\026\142\020\000`\000`\116\012\116\011\211\322\210\114\122\027\137\017\000"}{section.6}% 28
\BOOKMARK [2][-]{subsection.6.2}{\376\377\131\202\147\234\147\320\116\000\210\114\166\204\231\226\121\103\175\040\146\057\0001\000,\000\040\134\061\142\212\213\345\210\114\171\373\122\060\173\054\116\000\210\114\116\012\123\273}{section.6}% 29
\BOOKMARK [1][-]{section.7}{\376\377\210\114\122\027\137\017\143\011\210\114\377\010\122\027\377\011\134\125\137\000}{}% 30
\BOOKMARK [2][-]{subsection.7.1}{\376\377\117\131\133\120\137\017\000\040\000m\000i\000n\000o\000r\000\040\000:\000\040\000M\000i\000j}{section.7}% 31
\BOOKMARK [2][-]{subsection.7.2}{\376\377\116\343\145\160\117\131\133\120\137\017\000\040\000A\000l\000g\000e\000b\000r\000a\000i\000c\000\040\000c\000o\000f\000a\000c\000t\000o\000r\000\040\000:\000\040\000\040\000A\000i\000j\000=\000\050\000\040\000-\0001\000\040\000\051\000\040\000i\000+\000j\000M\000i\000j}{section.7}% 32
\BOOKMARK [2][-]{subsection.7.3}{\376\377\143\011\147\320\116\000\210\114\377\010\122\027\377\011\134\125\137\000\166\204\134\125\137\000\121\154\137\017\000:\000\040\000\040\000|\000A\000|\000=\000i\000=\0001\000n\000a\000i\000j\000A\000i\000j\000\040\000\050\000\040\000j\000=\0001\000,\0002\000,\000.\000.\000.\000,\000n\000\040\000\051\000=\000j\000=\0001\000n\000a\000i\000j\000A\000i\000j\000\040\000\050\000\040\000i\000=\0001\000,\0002\000,\000.\000.\000.\000,\000n\000\040\000\051\000\040}{section.7}% 33
\BOOKMARK [1][-]{section.8}{\376\377\137\002\116\130\123\330\226\366\133\232\164\006}{}% 34
\BOOKMARK [1][-]{section.9}{\376\377\142\311\146\156\142\311\145\257\133\232\164\006}{}% 35
\BOOKMARK [2][-]{subsection.9.1}{\376\377\000k\226\066\133\120\137\017}{section.9}% 36
\BOOKMARK [2][-]{subsection.9.2}{\376\377\142\311\146\156\142\311\145\257\134\125\137\000\133\232\164\006}{section.9}% 37
\BOOKMARK [1][-]{section.10}{\376\377\210\114\122\027\137\017\166\370\116\130}{}% 38
\BOOKMARK [2][-]{subsection.10.1}{\376\377\116\044\116\052\000`\000`\124\014\226\066\000"\210\114\122\027\137\017\000\040\166\370\116\130}{section.10}% 39
\BOOKMARK [2][-]{subsection.10.2}{\376\377\116\044\116\052\000`\000`\116\015\124\014\226\066\000"\210\114\122\027\137\017\000\040\166\370\116\130}{section.10}% 40
\BOOKMARK [1][-]{section.11}{\376\377\000n\226\066\210\114\122\027\137\017}{}% 41
\BOOKMARK [1][-]{section.12}{\376\377\210\114\122\027\137\017\166\204\140\047\215\050}{}% 42
\BOOKMARK [2][-]{subsection.12.1}{\376\377\140\047\215\050\0001\000:\000\040\210\114\122\027\116\222\143\142\000,\000\040\121\166\120\074\116\015\123\330\000.\000\040\123\163\000|\000A\000|\000=\000|\000\040\000A\000T\000\040\000|}{section.12}% 43
\BOOKMARK [2][-]{subsection.12.2}{\376\377\140\047\215\050\0002\000:\000\040\147\320\210\114\377\010\122\027\377\011\121\103\175\040\121\150\116\072\226\366\000,\000\040\122\031\210\114\122\027\137\017\116\072\226\366}{section.12}% 44
\BOOKMARK [2][-]{subsection.12.3}{\376\377\140\047\215\050\0003\000:\000\040\116\044\210\114\377\010\122\027\377\011\121\103\175\040\166\370\173\111\000,\000\040\142\026\133\371\136\224\142\020\153\324\117\213\000,\000\040\122\031\210\114\122\027\137\017\116\072\226\366}{section.12}% 45
\BOOKMARK [2][-]{subsection.12.4}{\376\377\140\047\215\050\0004\000:\000\040\147\320\210\114\377\010\122\027\377\011\121\103\175\040\127\107\146\057\116\044\116\052\121\103\175\040\116\113\124\214\000,\000\040\122\031\123\357\142\306\142\020\116\044\116\052\210\114\122\027\137\017\116\113\124\214}{section.12}% 46
\BOOKMARK [2][-]{subsection.12.5}{\376\377\140\047\215\050\0005\000:\000\040\116\044\210\114\377\010\122\027\377\011\116\222\143\142\377\014\210\114\122\027\137\017\166\204\120\074\123\315\123\367}{section.12}% 47
\BOOKMARK [2][-]{subsection.12.6}{\376\377\140\047\215\050\0006\000:\000\040\147\320\210\114\377\010\122\027\377\011\121\103\175\040\147\011\121\154\126\340\133\120\000k\000\050\000\040\000k\000=\0000\000\040\000\051\000\040\000,\000\040\122\031\000k\123\357\143\320\122\060\210\114\122\027\137\017\131\026\227\142\123\273\000\040}{section.12}% 48
\BOOKMARK [2][-]{subsection.12.7}{\376\377\140\047\215\050\0007\000:\000\040\147\320\210\114\377\010\122\027\377\011\166\204\000b\000,\000\040\120\015\122\240\122\060\123\346\116\000\210\114\377\010\122\027\377\011\116\012\123\273\000,\000\040\210\114\122\027\137\017\166\204\120\074\116\015\123\330\000\040}{section.12}% 49
\BOOKMARK [1][-]{section.13}{\376\377\210\114\122\027\137\017\166\204\134\125\137\000\133\232\164\006}{}% 50
\BOOKMARK [2][-]{subsection.13.1}{\376\377\117\131\133\120\137\017\000\040\000M\000i\000j}{section.13}% 51
\BOOKMARK [2][-]{subsection.13.2}{\376\377\116\343\145\160\117\131\133\120\137\017\000\040\000\040\000A\000i\000j\000=\000\050\000\040\000-\0001\000\040\000\051\000\040\000i\000+\000j\000M\000i\000j}{section.13}% 52
\BOOKMARK [2][-]{subsection.13.3}{\376\377\143\011\147\320\116\000\210\114\377\010\122\027\377\011\134\125\137\000\166\204\134\125\137\000\121\154\137\017\000:\000\040\000\040\000|\000A\000|\000=\000i\000=\0001\000n\000a\000i\000j\000A\000i\000j\000\040\000\050\000\040\000j\000=\0001\000,\0002\000,\000.\000.\000.\000,\000n\000\040\000\051\000=\000j\000=\0001\000n\000a\000i\000j\000A\000i\000j\000\040\000\050\000\040\000i\000=\0001\000,\0002\000,\000.\000.\000.\000,\000n\000\040\000\051\000\040}{section.13}% 53
\BOOKMARK [1][-]{section.14}{\376\377\121\167\117\123\127\213\210\114\122\027\137\017\166\204\213\241\173\227\000:\000\040\000a\000i\000j\000\040\135\362\176\331\121\372}{}% 54
\BOOKMARK [2][-]{subsection.14.1}{\376\377\123\026\116\072\000`\000`\0001\0002\000+\0001\000"\127\213\210\114\122\027\137\017}{section.14}% 55
\BOOKMARK [3][-]{subsubsection.14.1.1}{\376\377\116\073\133\371\211\322\176\277\210\114\122\027\137\017}{subsection.14.1}% 56
\BOOKMARK [3][-]{subsubsection.14.1.2}{\376\377\122\157\133\371\211\322\176\277\210\114\122\027\137\017}{subsection.14.1}% 57
\BOOKMARK [3][-]{subsubsection.14.1.3}{\376\377\142\311\146\156\142\311\145\257\134\125\137\000\137\017}{subsection.14.1}% 58
\BOOKMARK [3][-]{subsubsection.14.1.4}{\376\377\203\003\137\267\204\231\137\267\210\114\122\027\137\017}{subsection.14.1}% 59
\BOOKMARK [2][-]{subsection.14.2}{\376\377\122\240\217\271\154\325}{section.14}% 60
\BOOKMARK [2][-]{subsection.14.3}{\376\377\220\022\143\250\154\325\000\040\000\050\232\330\226\066\000\040\041\222\000\040\117\116\226\066\000\051}{section.14}% 61
\BOOKMARK [3][-]{subsubsection.14.3.1}{\376\377\136\372\172\313\220\022\143\250\121\154\137\017\000,\123\163\136\372\172\313\000D\000n\000\040\116\016\000\040\000D\000n\000-\0001\000\040\166\204\121\163\174\373}{subsection.14.3}% 62
\BOOKMARK [3][-]{subsubsection.14.3.2}{\376\377\000D\000n\000\040\116\016\000\040\000D\000n\000-\0001\000\040\211\201\147\011\133\214\121\150\166\370\124\014\166\204\121\103\175\040\122\006\136\003\211\304\137\213\000,\000\040\123\352\146\057\000D\000n\000-\0001\153\324\000D\000n\117\116\116\206\116\000\226\066\000\040}{subsection.14.3}% 63
\BOOKMARK [2][-]{subsection.14.4}{\376\377\145\160\133\146\137\122\176\263\000\040\000\050\117\116\226\066\000\040\041\222\000\040\232\330\226\066\000\051}{section.14}% 64
\BOOKMARK [3][-]{subsubsection.14.4.1}{\376\377\173\054\116\000\145\160\133\146\137\122\176\263\154\325}{subsection.14.4}% 65
\BOOKMARK [3][-]{subsubsection.14.4.2}{\376\377\173\054\116\214\145\160\133\146\137\122\176\263\154\325}{subsection.14.4}% 66
\BOOKMARK [1][-]{section.15}{\376\377\142\275\214\141\127\213\210\114\122\027\137\017\166\204\213\241\173\227\000:\000\040\000a\000i\000j\000\040\147\052\176\331\121\372\000\040}{}% 67
\BOOKMARK [2][-]{subsection.15.1}{\376\377\165\050\210\114\122\027\137\017\140\047\215\050}{section.15}% 68
\BOOKMARK [2][-]{subsection.15.2}{\376\377\165\050\167\351\226\065\167\345\213\306}{section.15}% 69
\BOOKMARK [3][-]{subsubsection.15.2.1}{\376\377\213\276\000\040\000C\000=\000A\000B\000,\000\040\000A\000,\000B\116\072\124\014\226\066\145\271\226\065\000,\000\040\122\031\000\040\000|\000C\000|\000=\000|\000A\000B\000|\000=\000|\000A\000|\000|\000B\000|}{subsection.15.2}% 70
\BOOKMARK [3][-]{subsubsection.15.2.2}{\376\377\213\276\000\040\000C\000=\000A\000+\000B\000,\000\040\000A\000,\000B\116\072\124\014\226\066\145\271\226\065\000,\000\040\122\031\000\040\000|\000C\000|\000=\000|\000A\000+\000B\000|\000,\117\134\140\122\173\111\123\330\137\142\000,\217\154\123\026\116\072\167\351\226\065\116\130\171\357\166\204\210\114\122\027\137\017\000\040}{subsection.15.2}% 71
\BOOKMARK [3][-]{subsubsection.15.2.3}{\376\377\213\276\000A\000\040\116\072\000n\226\066\145\271\226\065\000,\000\040\122\031\000\040\000|\000A\000*\000|\000=\000|\000A\000|\000n\000-\0001\000,\000\040\000|\000\050\000A\000*\000\051\000*\000|\000=\000|\000\040\000|\000\040\000A\000\040\000|\000n\000-\0002\000A\000\040\000|\000=\000|\000\040\000A\000\040\000|\000\050\000\040\000n\000-\0001\000\040\000\051\000\040\0002\000\040}{subsection.15.2}% 72
\BOOKMARK [2][-]{subsection.15.3}{\376\377\165\050\166\370\117\074\164\006\213\272}{section.15}% 73
\BOOKMARK [3][-]{subsubsection.15.3.1}{\376\377\000|\000\040\000A\000\040\000|\000=\000i\000=\0001\000n\000i}{subsection.15.3}% 74
\BOOKMARK [3][-]{subsubsection.15.3.2}{\376\377\202\345\000A\166\370\117\074\116\216\000B\000,\000\040\122\031\000\040\000|\000A\000|\000=\000|\000B\000|}{subsection.15.3}% 75
