\BOOKMARK [1][-]{section.1}{\376\377\167\351\226\065}{}% 1
\BOOKMARK [1][-]{section.2}{\376\377\167\351\226\065\166\204\217\320\173\227}{}% 2
\BOOKMARK [2][-]{subsection.2.1}{\376\377\167\351\226\065\166\204\122\240\154\325\000,\000\040\121\317\154\325}{section.2}% 3
\BOOKMARK [2][-]{subsection.2.2}{\376\377\122\240\154\325\166\204\140\047\215\050}{section.2}% 4
\BOOKMARK [2][-]{subsection.2.3}{\376\377\167\351\226\065\166\204\000\040\145\160\116\130}{section.2}% 5
\BOOKMARK [2][-]{subsection.2.4}{\376\377\145\160\116\130\166\204\140\047\215\050}{section.2}% 6
\BOOKMARK [2][-]{subsection.2.5}{\376\377\167\351\226\065\166\204\000\040\116\130\154\325}{section.2}% 7
\BOOKMARK [3][-]{subsubsection.2.5.1}{\376\377\000\050\0001\000\051\000\040\000A\000B\000=\0000\000\040\000,\000\040\146\057\143\250\116\015\121\372\000\040\000A\000=\0000\000\040\142\026\000\040\000B\000=\0000\000\040\166\204\000.\000\040\000\050\0002\000\051\000\040\000A\000B\000=\000A\000C\000,\000\040\116\024\000\040\000A\000\040\000=\0000\000\040\000,\000\040\146\057\143\250\116\015\121\372\000\040\000B\000=\000C\000\040\166\204\000.}{subsection.2.5}% 8
\BOOKMARK [3][-]{subsubsection.2.5.2}{\376\377\116\000\116\052\167\351\226\065\000,\000\040\116\016\000`\000`\226\366\167\351\226\065\000"\166\370\116\130\000,\000\040\176\323\147\234\134\061\146\057\116\000\116\052\000`\000`\145\260\137\142\162\266\000"\166\204\226\366\167\351\226\065}{subsection.2.5}% 9
\BOOKMARK [3][-]{subsubsection.2.5.3}{\376\377\116\000\116\052\167\351\226\065\000X\000,\000\040\116\016\000`\000`\123\125\117\115\226\065\000E\000"\166\370\116\130\000\050\145\340\213\272\135\346\116\130\217\330\146\057\123\363\116\130\000\051\000,\000\040\176\323\147\234\217\330\146\057\167\351\226\065\000X\147\054\216\253\000.\000\040\123\163\000:\000\040\000A\000E\000=\000A\000,\000\040\000E\000B\000=\000B}{subsection.2.5}% 10
\BOOKMARK [2][-]{subsection.2.6}{\376\377\167\351\226\065\116\130\154\325\166\204\217\320\173\227\211\304\137\213}{section.2}% 11
\BOOKMARK [3][-]{subsubsection.2.6.1}{\376\377\176\323\124\010\137\213\000:\000\040\000\050\000A\000B\000\051\000C\000\040\000=\000\040\000A\000\050\000B\000C\000\051}{subsection.2.6}% 12
\BOOKMARK [3][-]{subsubsection.2.6.2}{\376\377\122\006\221\115\137\213\000:\000\040\000\050\0001\000\051\000\040\000\050\000A\000+\000B\000\051\000C\000\040\000=\000\040\000A\000C\000+\000B\000C\000,\000\040\000\050\0002\000\051\000\040\000C\000\050\000A\000+\000B\000\051\000\040\000=\000\040\000C\000A\000+\000C\000B}{subsection.2.6}% 13
\BOOKMARK [3][-]{subsubsection.2.6.3}{\376\377\000\040\000k\000\050\000A\000B\000\051\000\040\000=\000\040\000\050\000k\000A\000\051\000B\000\040\000=\000\040\000A\000\050\000k\000B\000\051}{subsection.2.6}% 14
\BOOKMARK [3][-]{subsubsection.2.6.4}{\376\377\167\351\226\065\116\130\154\325\166\204\117\213\230\230}{subsection.2.6}% 15
\BOOKMARK [2][-]{subsection.2.7}{\376\377\167\351\226\065\000,\000\040\136\102\166\204\217\320\173\227}{section.2}% 16
\BOOKMARK [3][-]{subsubsection.2.7.1}{\376\377\000A\000k\000=\000A\000A\000.\000.\000.\000A\000\040\041\220\173\111\123\367\123\363\217\271\121\161\000k\116\052\000A}{subsection.2.7}% 17
\BOOKMARK [3][-]{subsubsection.2.7.2}{\376\377\000A\0000\000\040\000=\000\040\000E}{subsection.2.7}% 18
\BOOKMARK [3][-]{subsubsection.2.7.3}{\376\377\000A\000k\0001\000A\000k\0001\000=\000A\000k\0001\000+\000k\0002}{subsection.2.7}% 19
\BOOKMARK [3][-]{subsubsection.2.7.4}{\376\377\000\050\000\040\000A\000k\0001\000\040\000\051\000\040\000k\0002\000=\000A\000k\0001\000k\0002}{subsection.2.7}% 20
\BOOKMARK [3][-]{subsubsection.2.7.5}{\376\377\116\000\202\054\000,\000\040\000\050\000\040\000A\000B\000\040\000\051\000\040\000k\000=\000A\000k\000\040\000B\000k\000\040}{subsection.2.7}% 21
\BOOKMARK [3][-]{subsubsection.2.7.6}{\376\377\167\351\226\065\166\204\136\102\217\320\173\227\000\040\117\213\230\230}{subsection.2.7}% 22
\BOOKMARK [1][-]{section.3}{\376\377\167\351\226\065\166\204\217\154\177\156}{}% 23
\BOOKMARK [2][-]{subsection.3.1}{\376\377\140\047\215\050\000:\000\040\000\050\000A\000T\000\051\000\040\000T\000\040\000=\000\040\000A\000\040}{section.3}% 24
\BOOKMARK [2][-]{subsection.3.2}{\376\377\140\047\215\050\000:\000\040\000\050\000A\000+\000B\000\051\000\040\000T\000\040\000=\000\040\000A\000T\000\040\000+\000\040\000B\000T\000\040}{section.3}% 25
\BOOKMARK [2][-]{subsection.3.3}{\376\377\140\047\215\050\000:\000\040\000\050\000k\000A\000\051\000\040\000T\000\040\000=\000\040\000k\000A\000T\000\040}{section.3}% 26
\BOOKMARK [2][-]{subsection.3.4}{\376\377\046\005\000\040\140\047\215\050\000:\000\040\000\050\000A\000B\000\051\000\040\000T\000\040\000=\000\040\000B\000T\000\040\000A\000T\000\040\041\220\000\040\154\350\141\017\000A\000B\230\172\136\217\211\201\230\240\120\022\000\040}{section.3}% 27
\BOOKMARK [2][-]{subsection.3.5}{\376\377\140\047\215\050\000:\000\040\000\050\000A\0001\000\040\000A\0002\000\040\000A\0003\000\040\000A\0004\000\051\000T\000\040\000=\000\040\000A\0004\000T\000\040\000A\0003\000T\000\040\000A\0002\000T\000\040\000A\0001\000T\000\040\041\220\000\040\230\172\136\217\230\240\120\022}{section.3}% 28
\BOOKMARK [1][-]{section.4}{\376\377\162\171\153\212\167\351\226\065\000\040\000\050\220\375\146\057\145\271\226\065\000\051}{}% 29
\BOOKMARK [2][-]{subsection.4.1}{\376\377\145\160\221\317\167\351\226\065}{section.4}% 30
\BOOKMARK [2][-]{subsection.4.2}{\376\377\133\371\211\322\127\213\167\351\226\065}{section.4}% 31
\BOOKMARK [3][-]{subsubsection.4.2.1}{\376\377\000d\000i\000a\000g\000\040\000\327\000\040\000B\000\040\000:\000\040\133\371\211\322\226\065\121\103\175\040\127\050\124\352\116\000\210\114\116\012\000,\000\040\134\061\116\130\122\060\000B\166\204\166\370\124\014\210\114\116\012\123\273}{subsection.4.2}% 32
\BOOKMARK [3][-]{subsubsection.4.2.2}{\376\377\000B\000\040\000\327\000\040\000d\000i\000a\000g\000\040\000:\000\040\133\371\211\322\226\065\121\103\175\040\127\050\124\352\116\000\122\027\116\012\000,\000\040\134\061\116\130\122\060\000B\166\204\166\370\124\014\122\027\116\012\123\273}{subsection.4.2}% 33
\BOOKMARK [2][-]{subsection.4.3}{\376\377\116\012\116\011\211\322\137\142\167\351\226\065}{section.4}% 34
\BOOKMARK [2][-]{subsection.4.4}{\376\377\116\013\116\011\211\322\137\142\167\351\226\065}{section.4}% 35
\BOOKMARK [2][-]{subsection.4.5}{\376\377\133\371\171\360\167\351\226\065\000:\000\040\147\011\000\040\000A\000T\000\040\000=\000\040\000A\000\040\041\220\000\040\123\163\133\371\201\352\135\361\120\132\217\154\177\156\000,\000\040\117\235\161\066\173\111\116\216\201\352\135\361\000.}{section.4}% 36
\BOOKMARK [3][-]{subsubsection.4.5.1}{\376\377\140\047\215\050\000:\000\040\000\050\000\040\000A\000+\000B\000\040\000\051\000\040\000T\000=\000A\000T\000+\000B\000T\000=\000A\000+\000B\000\040}{subsection.4.5}% 37
\BOOKMARK [3][-]{subsubsection.4.5.2}{\376\377\140\047\215\050\000:\000\040\000\050\000\040\000A\000-\000B\000\040\000\051\000\040\000T\000=\000A\000T\000-\000B\000T\000=\000A\000-\000B\000\040}{subsection.4.5}% 38
\BOOKMARK [3][-]{subsubsection.4.5.3}{\376\377\140\047\215\050\000:\000\040\000\050\000\040\000k\000A\000\040\000\051\000\040\000T\000=\000k\000A\000T\000=\000k\000A\000\040}{subsection.4.5}% 39
\BOOKMARK [3][-]{subsubsection.4.5.4}{\376\377\140\047\215\050\000:\000\040\000\050\000\040\000A\000B\000\040\000\051\000\040\000T\000=\000B\000T\000A\000T\000=\000B\000A\000=\000A\000B\000\040}{subsection.4.5}% 40
\BOOKMARK [3][-]{subsubsection.4.5.5}{\376\377\133\232\164\006\000:\000\040\116\044\116\052\133\371\171\360\167\351\226\065\000A\000,\000B\000\040\166\370\116\130\124\016\000,\000\040\145\260\167\351\226\065\000A\000B\000\040\116\000\202\054\134\061\116\015\121\215\146\057\133\371\171\360\166\204\116\206\000.\000\040\226\144\227\136\000A\000,\000B\000\040\146\057\123\357\116\244\143\142\167\351\226\065\000,\000\040\127\213\167\351\226\065\000A\000B\000\040\142\115\146\057\133\371\171\360\166\204\000.}{subsection.4.5}% 41
\BOOKMARK [2][-]{subsection.4.6}{\376\377\123\315\133\371\171\360\167\351\226\065\000\040\000:\000\040\147\011\000\040\000A\000T\000\040\000=\000\040\000-\000\040\000A}{section.4}% 42
\BOOKMARK [1][-]{section.5}{\376\377\145\271\226\065\166\204\210\114\122\027\137\017}{}% 43
\BOOKMARK [2][-]{subsection.5.1}{\376\377\000`\000`\145\271\226\065\166\204\210\114\122\027\137\017\000"\166\204\140\047\215\050}{section.5}% 44
\BOOKMARK [3][-]{subsubsection.5.1.1}{\376\377\140\047\215\050\000:\000\040\000|\000A\000T\000|\000=\000|\000A\000|}{subsection.5.1}% 45
\BOOKMARK [3][-]{subsubsection.5.1.2}{\376\377\000\040\046\005\000\040\140\047\215\050\000:\000\040\000|\000k\000A\000|\000=\000k\000n\000|\000A\000|}{subsection.5.1}% 46
\BOOKMARK [3][-]{subsubsection.5.1.3}{\376\377\140\047\215\050\000:\000\040\000|\000A\000B\000|\000=\000|\000A\000|\000\040\000|\000B\000|\000\040\041\220\000\040\000A\000,\000B\000\040\146\057\124\014\226\066\145\271\226\065}{subsection.5.1}% 47
\BOOKMARK [1][-]{section.6}{\376\377\117\064\226\217\167\351\226\065\000\040\000A\000*}{}% 48
\BOOKMARK [2][-]{subsection.6.1}{\376\377\117\064\226\217\167\351\226\065\166\204\140\047\215\050}{section.6}% 49
\BOOKMARK [3][-]{subsubsection.6.1.1}{\376\377\140\047\215\050\000:\000\040\133\371\000`\000`\116\373\141\017\000"\145\271\226\065\000A\000,\000\040\147\011\000:\000\040\000A\000\040\000*\000\040\000A\000\040\000=\000\040\000A\000\040\000*\000\040\000A\000\040\000=\000\040\000|\000A\000|\000E}{subsection.6.1}% 50
\BOOKMARK [3][-]{subsubsection.6.1.2}{\376\377\140\047\215\050\000:\000\040\000|\000A\000A\000*\000|\000=\000|\000A\000|\000n\000|\000E\000|\000\040}{subsection.6.1}% 51
\BOOKMARK [3][-]{subsubsection.6.1.3}{\376\377\140\047\215\050\000:\000\040\000|\000A\000*\000|\000=\000|\000A\000|\000n\000-\0001\000\040}{subsection.6.1}% 52
\BOOKMARK [3][-]{subsubsection.6.1.4}{\376\377\140\047\215\050\000:\000\040\000\050\000\040\000k\000A\000*\000\040\000\051\000\040\000=\000k\000n\000-\0001\000A\000*\000\040}{subsection.6.1}% 53
\BOOKMARK [3][-]{subsubsection.6.1.5}{\376\377\140\047\215\050\000:\000\040\000\050\000\040\000A\000T\000\040\000\051\000\040\000*\000=\000\050\000\040\000A\000*\000\040\000\051\000\040\000T\000\040}{subsection.6.1}% 54
\BOOKMARK [3][-]{subsubsection.6.1.6}{\376\377\140\047\215\050\000:\000\040\000\050\000\040\000A\000B\000\040\000\051\000\040\000*\000=\000B\000*\000A\000*\000\040}{subsection.6.1}% 55
\BOOKMARK [1][-]{section.7}{\376\377\220\006\167\351\226\065}{}% 56
\BOOKMARK [2][-]{subsection.7.1}{\376\377\000`\000`\220\006\000"\166\204\121\340\117\125\141\017\116\111\000\040\041\222\000\040\166\370\137\123\116\216\000\040\000c\000t\000r\000l\000\040\000+\000\040\000z\000\040\144\315\117\134}{section.7}% 57
\BOOKMARK [2][-]{subsection.7.2}{\376\377\123\357\220\006\167\351\226\065\000\040\000:\000\040\000A\000B\000\040\000=\000\040\000B\000A\000\040\000=\000\040\123\125\117\115\226\065\000E}{section.7}% 58
\BOOKMARK [3][-]{subsubsection.7.2.1}{\376\377\131\202\117\125\122\044\145\255\116\000\116\052\167\351\226\065\146\057\124\046\123\357\220\006\000?\000\040\000A\123\357\220\006\166\204\121\105\211\201\147\141\116\366\146\057\000:\000\040\000|\000A\000|\000\040\000=\0000\000.\000\040\136\166\116\024\000A\166\204\220\006\167\351\226\065\134\061\146\057\000:\000\040\000\040\000A\000-\0001\000=\0001\000|\000A\000|\000A\000*\000\040}{subsection.7.2}% 59
\BOOKMARK [3][-]{subsubsection.7.2.2}{\376\377\143\250\213\272\000:\000\040\000A\000,\000B\146\057\000n\226\066\145\271\226\065\000,\000\040\123\352\211\201\142\021\116\354\167\345\220\123\116\000\116\052\147\141\116\366\000:\000\040\000A\000B\000=\000E\000,\000\040\142\026\000B\000A\000=\000E\000,\000\040\142\021\116\354\134\061\200\375\137\227\121\372\176\323\213\272\000:\000\040\000A\123\357\220\006\000,\000\040\136\166\116\024\000A\000-\0001\000=\000B\000\040}{subsection.7.2}% 60
\BOOKMARK [2][-]{subsection.7.3}{\376\377\154\102\000`\000`\220\006\167\351\226\065\000"\166\204\145\271\154\325}{section.7}% 61
\BOOKMARK [3][-]{subsubsection.7.3.1}{\376\377\165\050\000`\000`\117\064\226\217\167\351\226\065\154\325\000"\000\050\116\015\143\250\203\120\165\050\000\051\000,\000\040\147\145\154\102\220\006\167\351\226\065\000\040\000:\000\040\122\051\165\050\000A\166\204\220\006\167\351\226\065\121\154\137\017\000,\000\040\147\145\154\102\000A\166\204\220\006\167\351\226\065\000.\000\040\123\163\000:\000\040\000\040\000A\000-\0001\000=\0001\000|\000A\000|\000A\000*\000\040\000\040}{subsection.7.3}% 62
\BOOKMARK [3][-]{subsubsection.7.3.2}{\376\377\165\050\000`\000`\122\035\173\111\123\330\143\142\154\325\000"\000,\000\040\147\145\154\102\220\006\167\351\226\065\000\040\000\050\136\070\165\050\000\051\000:\000\040\000\040\000[\000\040\000A\000,\000E\000]\000\040\041\222\122\035\173\111\210\114\123\330\143\142\000\040\041\222\000[\000E\000,\000A\000-\0001\000]\000\040\000\040}{subsection.7.3}% 63
\BOOKMARK [2][-]{subsection.7.4}{\376\377\220\006\167\351\226\065\166\204\140\047\215\050}{section.7}% 64
\BOOKMARK [3][-]{subsubsection.7.4.1}{\376\377\202\345\000A\123\357\220\006\000,\000\040\122\031\000A\000-\0001\000\040\116\137\123\357\220\006\000,\000\040\136\166\116\024\147\011\000\040\000\050\000\040\000A\000-\0001\000\040\000\051\000\040\000-\0001\000=\000A\000\040}{subsection.7.4}% 65
\BOOKMARK [3][-]{subsubsection.7.4.2}{\376\377\202\345\000A\000,\000B\000\040\127\107\123\357\220\006\000,\000\040\122\031\147\011\000:\000\040\000A\000B\116\137\123\357\220\006\000,\000\040\136\166\116\024\147\011\000:\000\040\000\050\000\040\000A\000B\000\040\000\051\000\040\000-\0001\000=\000B\000-\0001\000A\000-\0001}{subsection.7.4}% 66
\BOOKMARK [3][-]{subsubsection.7.4.3}{\376\377\202\345\000A\123\357\220\006\000,\000\040\122\031\000A\000T\000\040\116\137\123\357\220\006\000.\000\040\136\166\116\024\147\011\000:\000\040\000\050\000\040\000A\000T\000\040\000\051\000\040\000-\0001\000=\000\050\000\040\000A\000-\0001\000\040\000\051\000\040\000T\000\040\041\220\000\040\217\154\177\156\166\204\220\006\000\040\000=\000\040\220\006\166\204\217\154\177\156}{subsection.7.4}% 67
\BOOKMARK [3][-]{subsubsection.7.4.4}{\376\377\000k\000=\0000\000,\000\040\122\031\000\050\000\040\000k\000A\000\040\000\051\000\040\000-\0001\000=\0001\000k\000A\000-\0001}{subsection.7.4}% 68
\BOOKMARK [3][-]{subsubsection.7.4.5}{\376\377\140\047\215\050\000:\000\040\000|\000A\000-\0001\000|\000=\000|\000A\000|\000-\0001}{subsection.7.4}% 69
\BOOKMARK [3][-]{subsubsection.7.4.6}{\376\377\140\047\215\050\000:\000\040\202\345\000A\123\357\220\006\000,\000\040\122\031\000\040\000A\000*\000\050\123\163\117\064\226\217\167\351\226\065\000\051\116\137\123\357\220\006\000.\000\040\136\166\116\024\000\040\000\050\000A\000*\000\051\000-\0001\000\040\000=\000\040\0001\000|\000A\000|\000\040\000\040\000A\000\040}{subsection.7.4}% 70
\BOOKMARK [3][-]{subsubsection.7.4.7}{\376\377\140\047\215\050\000:\000\040\000\050\000\040\000A\000-\0001\000\040\000\051\000\040\000*\000=\000\050\000\040\000A\000*\000\040\000\051\000\040\000-\0001\000\040}{subsection.7.4}% 71
\BOOKMARK [3][-]{subsubsection.7.4.8}{\376\377\123\125\117\115\226\065\000E\146\057\123\357\220\006\166\204\000.\000\040\000E\000-\0001\000\040\000=\000\040\000E\000\040}{subsection.7.4}% 72
\BOOKMARK [3][-]{subsubsection.7.4.9}{\376\377\226\366\167\351\226\065\116\015\123\357\220\006\000,\000\040\126\340\116\072\121\166\210\114\122\027\137\017\000=\0000\116\206\000.\000\040\123\352\147\011\210\114\122\027\137\017\116\015\173\111\116\216\0000\166\204\000,\000\040\142\115\147\011\220\006\000.}{subsection.7.4}% 73
\BOOKMARK [1][-]{section.8}{\376\377\167\351\226\065\145\271\226\065}{}% 74
\BOOKMARK [1][-]{section.9}{\376\377\122\006\127\127\167\351\226\065}{}% 75
\BOOKMARK [2][-]{subsection.9.1}{\376\377\150\007\121\306\137\142}{section.9}% 76
\BOOKMARK [2][-]{subsection.9.2}{\376\377\122\006\127\127\167\351\226\065\166\204\000\040\000`\000`\122\240\154\325\000"}{section.9}% 77
\BOOKMARK [2][-]{subsection.9.3}{\376\377\122\006\127\127\167\351\226\065\166\204\000\040\000`\000`\145\160\116\130\000"}{section.9}% 78
\BOOKMARK [2][-]{subsection.9.4}{\376\377\122\006\127\127\167\351\226\065\166\204\000\040\000`\000`\116\130\154\325\000"}{section.9}% 79
\BOOKMARK [2][-]{subsection.9.5}{\376\377\000`\000`\133\371\211\322\137\142\122\006\127\127\167\351\226\065\000"\166\204\122\240\121\317\124\214\116\130\154\325\000\040}{section.9}% 80
\BOOKMARK [2][-]{subsection.9.6}{\376\377\122\006\127\127\167\351\226\065\166\204\000`\000`\217\154\177\156\000"\000\040}{section.9}% 81
\BOOKMARK [2][-]{subsection.9.7}{\376\377\122\006\127\127\167\351\226\065\166\204\000`\000`\220\006\167\351\226\065\000"}{section.9}% 82
\BOOKMARK [1][-]{section.10}{\376\377\122\035\173\111\123\330\143\142}{}% 83
\BOOKMARK [2][-]{subsection.10.1}{\376\377\122\035\173\111\123\330\143\142\000,\000\040\147\011\116\011\171\315}{section.10}% 84
\BOOKMARK [2][-]{subsection.10.2}{\376\377\173\111\116\367}{section.10}% 85
\BOOKMARK [2][-]{subsection.10.3}{\376\377\122\035\173\111\145\271\226\065}{section.10}% 86
\BOOKMARK [2][-]{subsection.10.4}{\376\377\133\232\164\006\000:\000\040\133\371\116\216\116\373\141\017\116\000\116\052\167\351\226\065\000A\000,\000\040\220\375\133\130\127\050\000`\000`\122\035\173\111\167\351\226\065\000"\000\040\000P\0001\000,\000\040\000P\0002\000,\000\040\000.\000.\000.\000,\000\040\000P\000s\000,\000\040\000Q\0001\000,\000\040\000Q\0002\000,\000\040\000.\000.\000.\000,\000\040\000Q\000t\000,\000\040\200\375\117\177\137\227\000\040\000P\000s\000.\000.\000.\000P\0001\000A\000Q\0001\000.\000.\000.\000Q\000t\000\040\000\040\116\072\000\040\000`\000`\150\007\121\306\137\142\000"\000.}{section.10}% 87
\BOOKMARK [2][-]{subsection.10.5}{\376\377\143\250\213\272\000:\000\040\202\345\000A\000,\000B\173\111\116\367\000,\000\040\121\166\121\105\211\201\147\141\116\366\146\057\000:\000\040\133\130\127\050\123\357\220\006\167\351\226\065\000P\000,\000Q\000,\000\040\117\177\137\227\000\040\000P\000A\000Q\000=\000B\000\040}{section.10}% 88
\BOOKMARK [2][-]{subsection.10.6}{\376\377\133\232\164\006\000:\000\040\000`\000`\000A\123\357\220\006\000"\166\204\121\105\122\006\137\305\211\201\147\141\116\366\146\057\000:\000\040\000`\000`\000A\166\204\150\007\121\306\137\142\000"\116\072\123\125\117\115\226\065\000E}{section.10}% 89
\BOOKMARK [2][-]{subsection.10.7}{\376\377\133\232\164\006\000:\000\040\202\345\000A\123\357\220\006\000\050\123\163\000\040\000|\000A\000|\000=\0000\000\051\000,\000\040\122\031\121\166\121\105\211\201\147\141\116\366\146\057\000:\000\040\000A\123\357\116\345\210\150\171\072\142\020\000`\000`\116\000\116\233\122\035\173\111\145\271\226\065\166\204\116\130\171\357\000"\000.\000\040\123\163\000\040\000\040\000A\000=\000P\0001\000.\000.\000.\000P\000s\000\040}{section.10}% 90
\BOOKMARK [1][-]{section.11}{\376\377\167\351\226\065\166\204\171\351}{}% 91
\BOOKMARK [2][-]{subsection.11.1}{\376\377\000r\000a\000n\000k\000\040\146\057\116\300\116\110\000?\000\040}{section.11}% 92
\BOOKMARK [3][-]{subsubsection.11.1.1}{\376\377\171\351\000\040\000r\000a\000n\000k\000:\146\057\000\040\000`\000`\210\114\122\027\137\017\120\074\146\057\227\136\226\366\166\204\000"\133\120\137\017\166\204\147\000\232\330\226\066\145\160\000.}{subsection.11.1}% 93
\BOOKMARK [3][-]{subsubsection.11.1.2}{\376\377\000r\000a\000n\000k\000:\000\040\146\057\135\362\123\026\116\072\000`\000`\226\066\150\257\137\142\000"\166\204\167\351\226\065\000A\116\055\000,\000\040\227\136\226\366\210\114\166\204\210\114\145\160\000.\000\040\000=\000\040\000A\166\204\116\073\121\103\117\115\177\156\166\204\116\052\145\160\000\040\000=\000\040\000A\166\204\116\073\121\103\122\027\145\160}{subsection.11.1}% 94
\BOOKMARK [3][-]{subsubsection.11.1.3}{\376\377\124\021\221\317\176\304\166\204\000r\000a\000n\000k\000\040\000=\000\040\000`\000`\147\201\131\047\176\277\140\047\145\340\121\163\176\304\000"\116\055\142\100\124\053\124\021\221\317\166\204\116\052\145\160}{subsection.11.1}% 95
\BOOKMARK [3][-]{subsubsection.11.1.4}{\376\377\000r\000a\000n\000k\000:\000\040\116\343\210\150\176\317\217\307\000`\000`\176\277\140\047\123\330\143\142\000"\124\016\000,\000\040\145\260\127\120\150\007\174\373\172\172\225\364\166\204\176\364\136\246\000.\000\040\123\163\000`\000`\145\260\127\372\127\120\150\007\174\373\000"\116\055\166\204\217\164\166\204\145\160\221\317}{subsection.11.1}% 96
\BOOKMARK [2][-]{subsection.11.2}{\376\377\000r\000a\000n\000k\000\040\147\011\116\300\116\110\165\050\000?\000\040\133\203\200\375\124\112\213\311\142\021\116\354\116\300\116\110\000?}{section.11}% 97
\BOOKMARK [3][-]{subsubsection.11.2.1}{\376\377\000r\000a\000n\000k\000,\000\040\123\357\116\345\165\050\147\145\123\315\146\040\000\040\000m\000a\000t\000r\000i\000x\000\040\176\323\147\204\166\204\131\015\147\102\140\047}{subsection.11.2}% 98
