\BOOKMARK [0][-]{part.1}{\376\377\173\054\116\000\220\350\122\006\000\040\171\357\122\006\000\040\000i\000n\000t\000e\000g\000r\000a\000l}{}% 1
\BOOKMARK [0][-]{part.2}{\376\377\173\054\116\214\220\350\122\006\000\040\116\015\133\232\171\357\122\006\000\040\000i\000n\000d\000e\000f\000i\000n\000i\000t\000e\000\040\000i\000n\000t\000e\000g\000r\000a\000l\000\040\000:\000\040\123\163\000`\000`\123\237\121\375\145\160\000"}{}% 2
\BOOKMARK [1][-]{section.1}{\376\377\116\015\133\232\171\357\122\006\121\154\137\017}{part.2}% 3
\BOOKMARK [2][-]{subsection.1.1}{\376\377\000\050\0000\000\051\000\040\000d\000x\000\040\000=\000\040\000C}{section.1}% 4
\BOOKMARK [2][-]{subsection.1.2}{\376\377\000\050\000k\000\051\000\040\000d\000x\000\040\000=\000\040\000k\000x\000\040\000+\000\040\000C}{section.1}% 5
\BOOKMARK [2][-]{subsection.1.3}{\376\377\000\050\000x\000n\000\051\000\040\000d\000x\000=\0001\000n\000+\0001\000\040\000x\000n\000+\0001\000\040\000+\000\040\000C\000,\000\040\000\040\000n\000\040\000=\000-\0001}{section.1}% 6
\BOOKMARK [2][-]{subsection.1.4}{\376\377\000\050\0001\000x\000\051\000\040\000d\000x\000\040\000=\000\040\000l\000n\000\040\000|\000x\000|\000\040\000+\000\040\000C}{section.1}% 7
\BOOKMARK [2][-]{subsection.1.5}{\376\377\000x\000\040\000d\000x\000\040\000=\000\040\0001\0002\000\040\000x\0002\000\040\000+\000\040\000C}{section.1}% 8
\BOOKMARK [2][-]{subsection.1.6}{\376\377\000\050\000e\000x\000\051\000\040\000d\000x\000\040\000=\000\040\000e\000x\000\040\000+\000\040\000C}{section.1}% 9
\BOOKMARK [2][-]{subsection.1.7}{\376\377\000\050\000a\000x\000\051\000\040\000d\000x\000\040\000=\000\040\000a\000x\000l\000n\000a\000\040\000+\000\040\000C}{section.1}% 10
\BOOKMARK [2][-]{subsection.1.8}{\376\377\000\040\000\050\0001\0001\000+\000\040\000x\0002\000\051\000\040\000d\000x\000\040\000=\000\040\000a\000r\000c\000t\000a\000n\000x\000\040\000+\000\040\000C\000,\000\040\142\026\000=\000\040\000-\000a\000r\000c\000c\000o\000t\000\040\000x\000\040\000+\000\040\000C}{section.1}% 11
\BOOKMARK [2][-]{subsection.1.9}{\376\377\000\040\000\050\0001\0001\000-\000x\0002\000\051\000\040\000d\000x\000\040\000=\000\040\000a\000r\000c\000s\000i\000n\000x\000\040\000+\000\040\000C\000,\000\040\142\026\000=\000\040\000-\000a\000r\000c\000c\000o\000s\000x\000\040\000+\000\040\000C}{section.1}% 12
\BOOKMARK [2][-]{subsection.1.10}{\376\377\000\040\0001\000x\0002\000\040\000+\000\040\000a\0002\000\040\000d\000x\000\040\000=\000\040\0001\000a\000\040\000a\000r\000c\000t\000a\000n\000\040\000x\000a\000\040\000+\000\040\000C}{section.1}% 13
\BOOKMARK [2][-]{subsection.1.11}{\376\377\0001\000x\0002\000\040\000-\000\040\000a\0002\000\040\000d\000x\000\040\000=\000\040\0001\0002\000a\000\040\000l\000n\000\040\000|\000x\000-\000a\000x\000+\000a\000\040\000|\000\040\000+\000\040\000C}{section.1}% 14
\BOOKMARK [2][-]{subsection.1.12}{\376\377\0001\000x\0002\000\040\000+\000\040\000a\0002\000\040\000d\000x\000\040\000=\000\040\000l\000n\000\040\000|\000\040\000x\000\040\000+\000\040\000x\0002\000\040\000+\000\040\000a\0002\000|\000+\000C}{section.1}% 15
\BOOKMARK [2][-]{subsection.1.13}{\376\377\0001\000x\0002\000\040\000-\000\040\000a\0002\000d\000x\000\040\000=\000l\000n\000|\000\040\000x\000+\000x\0002\000-\000a\0002\000|\000+\000C}{section.1}% 16
\BOOKMARK [2][-]{subsection.1.14}{\376\377\0001\000a\0002\000\040\000-\000\040\000x\0002\000d\000x\000\040\000=\000\040\000a\000r\000c\000s\000i\000n\000\040\000x\000a\000\040\000+\000C}{section.1}% 17
\BOOKMARK [2][-]{subsection.1.15}{\376\377\000\050\000s\000i\000n\000x\000\051\000\040\000d\000x\000\040\000=\000\040\000-\000\040\000c\000o\000s\000x\000\040\000+\000\040\000C}{section.1}% 18
\BOOKMARK [2][-]{subsection.1.16}{\376\377\000\040\000\050\000c\000o\000s\000x\000\051\000\040\000d\000x\000\040\000=\000\040\000s\000i\000n\000x\000\040\000+\000\040\000C}{section.1}% 19
\BOOKMARK [2][-]{subsection.1.17}{\376\377\000\050\000t\000a\000n\000x\000\051\000\040\000d\000x\000\040\000=\000\040\000-\000l\000n\000|\000c\000o\000s\000\040\000x\000|\000\040\000+\000\040\000C}{section.1}% 20
\BOOKMARK [2][-]{subsection.1.18}{\376\377\000\040\000\050\000c\000o\000t\000x\000\051\000\040\000d\000x\000\040\000=\000\040\000l\000n\000|\000s\000i\000n\000\040\000x\000|\000\040\000+\000\040\000C}{section.1}% 21
\BOOKMARK [2][-]{subsection.1.19}{\376\377\000\050\000s\000e\000c\000x\000\051\000\040\000d\000x\000\040\000=\000\040\000l\000n\000|\000s\000e\000c\000\040\000x\000\040\000+\000\040\000t\000a\000n\000\040\000x\000|\000\040\000+\000\040\000C}{section.1}% 22
\BOOKMARK [2][-]{subsection.1.20}{\376\377\000\050\000c\000s\000c\000x\000\051\000\040\000d\000x\000\040\000=\000\040\000l\000n\000|\000c\000s\000c\000\040\000x\000\040\000-\000\040\000c\000o\000t\000\040\000x\000|\000\040\000+\000\040\000C}{section.1}% 23
\BOOKMARK [2][-]{subsection.1.21}{\376\377\000\050\000l\000n\000x\000\051\000\040\000d\000x\000\040\000=\000\040\000x\000\040\000l\000n\000x\000\040\000-\000\040\000x\000\040\000+\000\040\000C}{section.1}% 24
\BOOKMARK [2][-]{subsection.1.22}{\376\377\000\040\000\050\000s\000e\000c\0002\000\040\000x\000\051\000\040\000d\000x\000\040\000=\000\040\000t\000a\000n\000x\000\040\000+\000\040\000C}{section.1}% 25
\BOOKMARK [2][-]{subsection.1.23}{\376\377\000\050\000c\000s\000c\0002\000\040\000x\000\051\000\040\000d\000x\000\040\000=\000\040\000-\000\040\000c\000o\000t\000x\000\040\000+\000\040\000C}{section.1}% 26
\BOOKMARK [2][-]{subsection.1.24}{\376\377\000\040\000\050\000s\000e\000c\000x\000\040\000t\000a\000n\000x\000\051\000\040\000d\000x\000\040\000=\000\040\000s\000e\000c\000x\000\040\000+\000\040\000C}{section.1}% 27
\BOOKMARK [2][-]{subsection.1.25}{\376\377\000\050\000c\000s\000c\000x\000\040\000c\000o\000t\000x\000\051\000\040\000d\000x\000\040\000=\000\040\000-\000c\000s\000c\000x\000\040\000+\000\040\000C}{section.1}% 28
\BOOKMARK [1][-]{section.2}{\376\377\116\015\133\232\171\357\122\006\166\204\140\047\215\050}{part.2}% 29
\BOOKMARK [2][-]{subsection.2.1}{\376\377\000[\000\040\000f\000\050\000x\000\051\000\040\000g\000\050\000x\000\051\000\040\000]\000\040\000d\000x\000\040\000=\000\040\000f\000\050\000x\000\051\000\040\000d\000x\000\040\000g\000\050\000x\000\051\000\040\000d\000x}{section.2}% 30
\BOOKMARK [2][-]{subsection.2.2}{\376\377\000\050\000k\000\040\000f\000\050\000x\000\051\000\051\000\040\000d\000x\000\040\000=\000\040\000k\000\040\000f\000\050\000x\000\051\000\040\000d\000x}{section.2}% 31
\BOOKMARK [0][-]{part.3}{\376\377\173\054\116\011\220\350\122\006\000\040\154\102\116\015\133\232\171\357\122\006\166\204\145\271\154\325}{}% 32
\BOOKMARK [1][-]{section.3}{\376\377\121\321\137\256\122\006\154\325}{part.3}% 33
\BOOKMARK [1][-]{section.4}{\376\377\122\006\220\350\171\357\122\006\154\325\000\040\000:\000\040\122\115\000\040\000d\000\050\124\016\000\051\000=\122\115\124\016\000-\124\016\000\040\000d\000\050\122\115\000\051}{part.3}% 34
\BOOKMARK [1][-]{section.5}{\376\377\143\142\121\103\154\325}{part.3}% 35
